29-Feb-2020 17:42:02.638 INFO [main] org.apache.catalina.startup.VersionLoggerListener.log Server version:        Apache Tomcat/8.5.31
29-Feb-2020 17:42:02.639 INFO [main] org.apache.catalina.startup.VersionLoggerListener.log Server built:          Apr 27 2018 20:24:25 UTC
29-Feb-2020 17:42:02.639 INFO [main] org.apache.catalina.startup.VersionLoggerListener.log Server number:         8.5.31.0
29-Feb-2020 17:42:02.640 INFO [main] org.apache.catalina.startup.VersionLoggerListener.log OS Name:               Linux
29-Feb-2020 17:42:02.640 INFO [main] org.apache.catalina.startup.VersionLoggerListener.log OS Version:            3.10.0-1062.12.1.el7.x86_64
29-Feb-2020 17:42:02.640 INFO [main] org.apache.catalina.startup.VersionLoggerListener.log Architecture:          amd64
29-Feb-2020 17:42:02.640 INFO [main] org.apache.catalina.startup.VersionLoggerListener.log Java Home:             /usr/lib/jvm/java-8-openjdk-amd64/jre
29-Feb-2020 17:42:02.640 INFO [main] org.apache.catalina.startup.VersionLoggerListener.log JVM Version:           1.8.0_171-8u171-b11-1~deb9u1-b11
29-Feb-2020 17:42:02.640 INFO [main] org.apache.catalina.startup.VersionLoggerListener.log JVM Vendor:            Oracle Corporation
29-Feb-2020 17:42:02.640 INFO [main] org.apache.catalina.startup.VersionLoggerListener.log CATALINA_BASE:         /usr/local/tomcat
29-Feb-2020 17:42:02.640 INFO [main] org.apache.catalina.startup.VersionLoggerListener.log CATALINA_HOME:         /usr/local/tomcat
29-Feb-2020 17:42:02.640 INFO [main] org.apache.catalina.startup.VersionLoggerListener.log Command line argument: -Djava.util.logging.config.file=/usr/local/tomcat/conf/logging.properties
29-Feb-2020 17:42:02.641 INFO [main] org.apache.catalina.startup.VersionLoggerListener.log Command line argument: -Djava.util.logging.manager=org.apache.juli.ClassLoaderLogManager
29-Feb-2020 17:42:02.641 INFO [main] org.apache.catalina.startup.VersionLoggerListener.log Command line argument: -Djdk.tls.ephemeralDHKeySize=2048
29-Feb-2020 17:42:02.641 INFO [main] org.apache.catalina.startup.VersionLoggerListener.log Command line argument: -Djava.protocol.handler.pkgs=org.apache.catalina.webresources
29-Feb-2020 17:42:02.641 INFO [main] org.apache.catalina.startup.VersionLoggerListener.log Command line argument: -Dorg.apache.catalina.security.SecurityListener.UMASK=0027
29-Feb-2020 17:42:02.641 INFO [main] org.apache.catalina.startup.VersionLoggerListener.log Command line argument: -Dignore.endorsed.dirs=
29-Feb-2020 17:42:02.641 INFO [main] org.apache.catalina.startup.VersionLoggerListener.log Command line argument: -Dcatalina.base=/usr/local/tomcat
29-Feb-2020 17:42:02.641 INFO [main] org.apache.catalina.startup.VersionLoggerListener.log Command line argument: -Dcatalina.home=/usr/local/tomcat
29-Feb-2020 17:42:02.641 INFO [main] org.apache.catalina.startup.VersionLoggerListener.log Command line argument: -Djava.io.tmpdir=/usr/local/tomcat/temp
29-Feb-2020 17:42:02.641 INFO [main] org.apache.catalina.core.AprLifecycleListener.lifecycleEvent Loaded APR based Apache Tomcat Native library [1.2.16] using APR version [1.5.2].
29-Feb-2020 17:42:02.641 INFO [main] org.apache.catalina.core.AprLifecycleListener.lifecycleEvent APR capabilities: IPv6 [true], sendfile [true], accept filters [false], random [true].
29-Feb-2020 17:42:02.641 INFO [main] org.apache.catalina.core.AprLifecycleListener.lifecycleEvent APR/OpenSSL configuration: useAprConnector [false], useOpenSSL [true]
29-Feb-2020 17:42:02.645 INFO [main] org.apache.catalina.core.AprLifecycleListener.initializeSSL OpenSSL successfully initialized [OpenSSL 1.1.0f  25 May 2017]
29-Feb-2020 17:42:02.711 INFO [main] org.apache.coyote.AbstractProtocol.init Initializing ProtocolHandler ["http-nio-8080"]
29-Feb-2020 17:42:02.722 INFO [main] org.apache.tomcat.util.net.NioSelectorPool.getSharedSelector Using a shared selector for servlet write/read
29-Feb-2020 17:42:02.728 INFO [main] org.apache.coyote.AbstractProtocol.init Initializing ProtocolHandler ["ajp-nio-8009"]
29-Feb-2020 17:42:02.729 INFO [main] org.apache.tomcat.util.net.NioSelectorPool.getSharedSelector Using a shared selector for servlet write/read
29-Feb-2020 17:42:02.730 INFO [main] org.apache.catalina.startup.Catalina.load Initialization processed in 720 ms
29-Feb-2020 17:42:02.747 INFO [main] org.apache.catalina.core.StandardService.startInternal Starting service [Catalina]
29-Feb-2020 17:42:02.747 INFO [main] org.apache.catalina.core.StandardEngine.startInternal Starting Servlet Engine: Apache Tomcat/8.5.31
29-Feb-2020 17:42:02.763 INFO [localhost-startStop-1] org.apache.catalina.startup.HostConfig.deployDirectory Deploying web application directory [/usr/local/tomcat/webapps/ROOT]
29-Feb-2020 17:42:03.288 INFO [localhost-startStop-1] org.apache.catalina.startup.HostConfig.deployDirectory Deployment of web application directory [/usr/local/tomcat/webapps/ROOT] has finished in [525] ms
29-Feb-2020 17:42:03.289 INFO [localhost-startStop-1] org.apache.catalina.startup.HostConfig.deployDirectory Deploying web application directory [/usr/local/tomcat/webapps/docs]
29-Feb-2020 17:42:03.299 INFO [localhost-startStop-1] org.apache.catalina.startup.HostConfig.deployDirectory Deployment of web application directory [/usr/local/tomcat/webapps/docs] has finished in [11] ms
29-Feb-2020 17:42:03.299 INFO [localhost-startStop-1] org.apache.catalina.startup.HostConfig.deployDirectory Deploying web application directory [/usr/local/tomcat/webapps/examples]
29-Feb-2020 17:42:03.920 INFO [localhost-startStop-1] org.apache.catalina.startup.HostConfig.deployDirectory Deployment of web application directory [/usr/local/tomcat/webapps/examples] has finished in [621] ms
29-Feb-2020 17:42:03.920 INFO [localhost-startStop-1] org.apache.catalina.startup.HostConfig.deployDirectory Deploying web application directory [/usr/local/tomcat/webapps/host-manager]
29-Feb-2020 17:42:03.947 INFO [localhost-startStop-1] org.apache.catalina.startup.HostConfig.deployDirectory Deployment of web application directory [/usr/local/tomcat/webapps/host-manager] has finished in [26] ms
29-Feb-2020 17:42:03.947 INFO [localhost-startStop-1] org.apache.catalina.startup.HostConfig.deployDirectory Deploying web application directory [/usr/local/tomcat/webapps/manager]
29-Feb-2020 17:42:03.969 INFO [localhost-startStop-1] org.apache.catalina.startup.HostConfig.deployDirectory Deployment of web application directory [/usr/local/tomcat/webapps/manager] has finished in [21] ms
29-Feb-2020 17:42:03.971 INFO [main] org.apache.coyote.AbstractProtocol.start Starting ProtocolHandler ["http-nio-8080"]
29-Feb-2020 17:42:03.977 INFO [main] org.apache.coyote.AbstractProtocol.start Starting ProtocolHandler ["ajp-nio-8009"]
29-Feb-2020 17:42:03.998 INFO [main] org.apache.catalina.startup.Catalina.start Server startup in 1268 ms
29-Feb-2020 17:44:00.164 INFO [Thread-5] org.apache.coyote.AbstractProtocol.pause Pausing ProtocolHandler ["http-nio-8080"]
29-Feb-2020 17:44:00.216 INFO [Thread-5] org.apache.coyote.AbstractProtocol.pause Pausing ProtocolHandler ["ajp-nio-8009"]
29-Feb-2020 17:44:00.267 INFO [Thread-5] org.apache.catalina.core.StandardService.stopInternal Stopping service [Catalina]
29-Feb-2020 17:44:00.302 INFO [Thread-5] org.apache.coyote.AbstractProtocol.stop Stopping ProtocolHandler ["http-nio-8080"]
29-Feb-2020 17:44:00.380 INFO [Thread-5] org.apache.coyote.AbstractProtocol.stop Stopping ProtocolHandler ["ajp-nio-8009"]
29-Feb-2020 17:44:00.387 INFO [Thread-5] org.apache.coyote.AbstractProtocol.destroy Destroying ProtocolHandler ["http-nio-8080"]
29-Feb-2020 17:44:00.393 INFO [Thread-5] org.apache.coyote.AbstractProtocol.destroy Destroying ProtocolHandler ["ajp-nio-8009"]
29-Feb-2020 17:44:32.447 INFO [main] org.apache.catalina.startup.VersionLoggerListener.log Server version:        Apache Tomcat/8.5.31
29-Feb-2020 17:44:32.449 INFO [main] org.apache.catalina.startup.VersionLoggerListener.log Server built:          Apr 27 2018 20:24:25 UTC
29-Feb-2020 17:44:32.449 INFO [main] org.apache.catalina.startup.VersionLoggerListener.log Server number:         8.5.31.0
29-Feb-2020 17:44:32.449 INFO [main] org.apache.catalina.startup.VersionLoggerListener.log OS Name:               Linux
29-Feb-2020 17:44:32.449 INFO [main] org.apache.catalina.startup.VersionLoggerListener.log OS Version:            3.10.0-1062.12.1.el7.x86_64
29-Feb-2020 17:44:32.449 INFO [main] org.apache.catalina.startup.VersionLoggerListener.log Architecture:          amd64
29-Feb-2020 17:44:32.449 INFO [main] org.apache.catalina.startup.VersionLoggerListener.log Java Home:             /usr/lib/jvm/java-8-openjdk-amd64/jre
29-Feb-2020 17:44:32.449 INFO [main] org.apache.catalina.startup.VersionLoggerListener.log JVM Version:           1.8.0_171-8u171-b11-1~deb9u1-b11
29-Feb-2020 17:44:32.449 INFO [main] org.apache.catalina.startup.VersionLoggerListener.log JVM Vendor:            Oracle Corporation
29-Feb-2020 17:44:32.449 INFO [main] org.apache.catalina.startup.VersionLoggerListener.log CATALINA_BASE:         /usr/local/tomcat
29-Feb-2020 17:44:32.449 INFO [main] org.apache.catalina.startup.VersionLoggerListener.log CATALINA_HOME:         /usr/local/tomcat
29-Feb-2020 17:44:32.449 INFO [main] org.apache.catalina.startup.VersionLoggerListener.log Command line argument: -Djava.util.logging.config.file=/usr/local/tomcat/conf/logging.properties
29-Feb-2020 17:44:32.449 INFO [main] org.apache.catalina.startup.VersionLoggerListener.log Command line argument: -Djava.util.logging.manager=org.apache.juli.ClassLoaderLogManager
29-Feb-2020 17:44:32.450 INFO [main] org.apache.catalina.startup.VersionLoggerListener.log Command line argument: -Djdk.tls.ephemeralDHKeySize=2048
29-Feb-2020 17:44:32.450 INFO [main] org.apache.catalina.startup.VersionLoggerListener.log Command line argument: -Djava.protocol.handler.pkgs=org.apache.catalina.webresources
29-Feb-2020 17:44:32.450 INFO [main] org.apache.catalina.startup.VersionLoggerListener.log Command line argument: -Dorg.apache.catalina.security.SecurityListener.UMASK=0027
29-Feb-2020 17:44:32.450 INFO [main] org.apache.catalina.startup.VersionLoggerListener.log Command line argument: -Dignore.endorsed.dirs=
29-Feb-2020 17:44:32.450 INFO [main] org.apache.catalina.startup.VersionLoggerListener.log Command line argument: -Dcatalina.base=/usr/local/tomcat
29-Feb-2020 17:44:32.450 INFO [main] org.apache.catalina.startup.VersionLoggerListener.log Command line argument: -Dcatalina.home=/usr/local/tomcat
29-Feb-2020 17:44:32.450 INFO [main] org.apache.catalina.startup.VersionLoggerListener.log Command line argument: -Djava.io.tmpdir=/usr/local/tomcat/temp
29-Feb-2020 17:44:32.450 INFO [main] org.apache.catalina.core.AprLifecycleListener.lifecycleEvent Loaded APR based Apache Tomcat Native library [1.2.16] using APR version [1.5.2].
29-Feb-2020 17:44:32.450 INFO [main] org.apache.catalina.core.AprLifecycleListener.lifecycleEvent APR capabilities: IPv6 [true], sendfile [true], accept filters [false], random [true].
29-Feb-2020 17:44:32.450 INFO [main] org.apache.catalina.core.AprLifecycleListener.lifecycleEvent APR/OpenSSL configuration: useAprConnector [false], useOpenSSL [true]
29-Feb-2020 17:44:32.455 INFO [main] org.apache.catalina.core.AprLifecycleListener.initializeSSL OpenSSL successfully initialized [OpenSSL 1.1.0f  25 May 2017]
29-Feb-2020 17:44:32.529 INFO [main] org.apache.coyote.AbstractProtocol.init Initializing ProtocolHandler ["http-nio-8080"]
29-Feb-2020 17:44:32.537 INFO [main] org.apache.tomcat.util.net.NioSelectorPool.getSharedSelector Using a shared selector for servlet write/read
29-Feb-2020 17:44:32.547 INFO [main] org.apache.coyote.AbstractProtocol.init Initializing ProtocolHandler ["ajp-nio-8009"]
29-Feb-2020 17:44:32.548 INFO [main] org.apache.tomcat.util.net.NioSelectorPool.getSharedSelector Using a shared selector for servlet write/read
29-Feb-2020 17:44:32.549 INFO [main] org.apache.catalina.startup.Catalina.load Initialization processed in 468 ms
29-Feb-2020 17:44:32.565 INFO [main] org.apache.catalina.core.StandardService.startInternal Starting service [Catalina]
29-Feb-2020 17:44:32.565 INFO [main] org.apache.catalina.core.StandardEngine.startInternal Starting Servlet Engine: Apache Tomcat/8.5.31
29-Feb-2020 17:44:32.573 INFO [localhost-startStop-1] org.apache.catalina.startup.HostConfig.deployDirectory Deploying web application directory [/usr/local/tomcat/webapps/ROOT]
29-Feb-2020 17:44:32.836 INFO [localhost-startStop-1] org.apache.catalina.startup.HostConfig.deployDirectory Deployment of web application directory [/usr/local/tomcat/webapps/ROOT] has finished in [263] ms
29-Feb-2020 17:44:32.836 INFO [localhost-startStop-1] org.apache.catalina.startup.HostConfig.deployDirectory Deploying web application directory [/usr/local/tomcat/webapps/docs]
29-Feb-2020 17:44:32.848 INFO [localhost-startStop-1] org.apache.catalina.startup.HostConfig.deployDirectory Deployment of web application directory [/usr/local/tomcat/webapps/docs] has finished in [12] ms
29-Feb-2020 17:44:32.848 INFO [localhost-startStop-1] org.apache.catalina.startup.HostConfig.deployDirectory Deploying web application directory [/usr/local/tomcat/webapps/examples]
29-Feb-2020 17:44:33.049 INFO [localhost-startStop-1] org.apache.catalina.startup.HostConfig.deployDirectory Deployment of web application directory [/usr/local/tomcat/webapps/examples] has finished in [200] ms
29-Feb-2020 17:44:33.049 INFO [localhost-startStop-1] org.apache.catalina.startup.HostConfig.deployDirectory Deploying web application directory [/usr/local/tomcat/webapps/host-manager]
29-Feb-2020 17:44:33.066 INFO [localhost-startStop-1] org.apache.catalina.startup.HostConfig.deployDirectory Deployment of web application directory [/usr/local/tomcat/webapps/host-manager] has finished in [17] ms
29-Feb-2020 17:44:33.066 INFO [localhost-startStop-1] org.apache.catalina.startup.HostConfig.deployDirectory Deploying web application directory [/usr/local/tomcat/webapps/manager]
29-Feb-2020 17:44:33.087 INFO [localhost-startStop-1] org.apache.catalina.startup.HostConfig.deployDirectory Deployment of web application directory [/usr/local/tomcat/webapps/manager] has finished in [21] ms
29-Feb-2020 17:44:33.090 INFO [main] org.apache.coyote.AbstractProtocol.start Starting ProtocolHandler ["http-nio-8080"]
29-Feb-2020 17:44:33.098 INFO [main] org.apache.coyote.AbstractProtocol.start Starting ProtocolHandler ["ajp-nio-8009"]
29-Feb-2020 17:44:33.101 INFO [main] org.apache.catalina.startup.Catalina.start Server startup in 552 ms
